Determining if the pthread_create exist failed with the following output:
Change Dir: /home/baxterdev/scazLab2_ws/build/CMakeFiles/CMakeTmp

Run Build Command:/usr/bin/make "cmTryCompileExec3342477084/fast"
/usr/bin/make -f CMakeFiles/cmTryCompileExec3342477084.dir/build.make CMakeFiles/cmTryCompileExec3342477084.dir/build
make[1]: Entering directory `/home/baxterdev/scazLab2_ws/build/CMakeFiles/CMakeTmp'
/usr/bin/cmake -E cmake_progress_report /home/baxterdev/scazLab2_ws/build/CMakeFiles/CMakeTmp/CMakeFiles 1
Building C object CMakeFiles/cmTryCompileExec3342477084.dir/CheckSymbolExists.c.o
/usr/bin/cc    -o CMakeFiles/cmTryCompileExec3342477084.dir/CheckSymbolExists.c.o   -c /home/baxterdev/scazLab2_ws/build/CMakeFiles/CMakeTmp/CheckSymbolExists.c
Linking C executable cmTryCompileExec3342477084
/usr/bin/cmake -E cmake_link_script CMakeFiles/cmTryCompileExec3342477084.dir/link.txt --verbose=1
/usr/bin/cc       CMakeFiles/cmTryCompileExec3342477084.dir/CheckSymbolExists.c.o  -o cmTryCompileExec3342477084 -rdynamic 
CMakeFiles/cmTryCompileExec3342477084.dir/CheckSymbolExists.c.o: In function `main':
CheckSymbolExists.c:(.text+0x16): undefined reference to `pthread_create'
collect2: error: ld returned 1 exit status
make[1]: *** [cmTryCompileExec3342477084] Error 1
make[1]: Leaving directory `/home/baxterdev/scazLab2_ws/build/CMakeFiles/CMakeTmp'
make: *** [cmTryCompileExec3342477084/fast] Error 2

File /home/baxterdev/scazLab2_ws/build/CMakeFiles/CMakeTmp/CheckSymbolExists.c:
/* */
#include <pthread.h>

int main(int argc, char** argv)
{
  (void)argv;
#ifndef pthread_create
  return ((int*)(&pthread_create))[argc];
#else
  (void)argc;
  return 0;
#endif
}

Determining if the function pthread_create exists in the pthreads failed with the following output:
Change Dir: /home/baxterdev/scazLab2_ws/build/CMakeFiles/CMakeTmp

Run Build Command:/usr/bin/make "cmTryCompileExec357089706/fast"
/usr/bin/make -f CMakeFiles/cmTryCompileExec357089706.dir/build.make CMakeFiles/cmTryCompileExec357089706.dir/build
make[1]: Entering directory `/home/baxterdev/scazLab2_ws/build/CMakeFiles/CMakeTmp'
/usr/bin/cmake -E cmake_progress_report /home/baxterdev/scazLab2_ws/build/CMakeFiles/CMakeTmp/CMakeFiles 1
Building C object CMakeFiles/cmTryCompileExec357089706.dir/CheckFunctionExists.c.o
/usr/bin/cc   -DCHECK_FUNCTION_EXISTS=pthread_create   -o CMakeFiles/cmTryCompileExec357089706.dir/CheckFunctionExists.c.o   -c /usr/share/cmake-2.8/Modules/CheckFunctionExists.c
Linking C executable cmTryCompileExec357089706
/usr/bin/cmake -E cmake_link_script CMakeFiles/cmTryCompileExec357089706.dir/link.txt --verbose=1
/usr/bin/cc   -DCHECK_FUNCTION_EXISTS=pthread_create    CMakeFiles/cmTryCompileExec357089706.dir/CheckFunctionExists.c.o  -o cmTryCompileExec357089706 -rdynamic -lpthreads 
/usr/bin/ld: cannot find -lpthreads
collect2: error: ld returned 1 exit status
make[1]: Leaving directory `/home/baxterdev/scazLab2_ws/build/CMakeFiles/CMakeTmp'
make[1]: *** [cmTryCompileExec357089706] Error 1
make: *** [cmTryCompileExec357089706/fast] Error 2


Determining if the Q_WS_WIN exist failed with the following output:
Change Dir: /home/baxterdev/scazLab2_ws/build/CMakeFiles/CMakeTmp

Run Build Command:/usr/bin/make "cmTryCompileExec3057938188/fast"
/usr/bin/make -f CMakeFiles/cmTryCompileExec3057938188.dir/build.make CMakeFiles/cmTryCompileExec3057938188.dir/build
make[1]: Entering directory `/home/baxterdev/scazLab2_ws/build/CMakeFiles/CMakeTmp'
/usr/bin/cmake -E cmake_progress_report /home/baxterdev/scazLab2_ws/build/CMakeFiles/CMakeTmp/CMakeFiles 1
Building CXX object CMakeFiles/cmTryCompileExec3057938188.dir/CheckSymbolExists.cxx.o
/usr/bin/c++    -I/usr/include/qt4    -o CMakeFiles/cmTryCompileExec3057938188.dir/CheckSymbolExists.cxx.o -c /home/baxterdev/scazLab2_ws/build/CMakeFiles/CMakeTmp/CheckSymbolExists.cxx
/home/baxterdev/scazLab2_ws/build/CMakeFiles/CMakeTmp/CheckSymbolExists.cxx: In function ‘int main(int, char**)’:
/home/baxterdev/scazLab2_ws/build/CMakeFiles/CMakeTmp/CheckSymbolExists.cxx:8:19: error: ‘Q_WS_WIN’ was not declared in this scope
   return ((int*)(&Q_WS_WIN))[argc];
                   ^
make[1]: Leaving directory `/home/baxterdev/scazLab2_ws/build/CMakeFiles/CMakeTmp'
make[1]: *** [CMakeFiles/cmTryCompileExec3057938188.dir/CheckSymbolExists.cxx.o] Error 1
make: *** [cmTryCompileExec3057938188/fast] Error 2

File /home/baxterdev/scazLab2_ws/build/CMakeFiles/CMakeTmp/CheckSymbolExists.cxx:
/* */
#include <QtCore/qglobal.h>

int main(int argc, char** argv)
{
  (void)argv;
#ifndef Q_WS_WIN
  return ((int*)(&Q_WS_WIN))[argc];
#else
  (void)argc;
  return 0;
#endif
}

Determining if the Q_WS_QWS exist failed with the following output:
Change Dir: /home/baxterdev/scazLab2_ws/build/CMakeFiles/CMakeTmp

Run Build Command:/usr/bin/make "cmTryCompileExec538094555/fast"
/usr/bin/make -f CMakeFiles/cmTryCompileExec538094555.dir/build.make CMakeFiles/cmTryCompileExec538094555.dir/build
make[1]: Entering directory `/home/baxterdev/scazLab2_ws/build/CMakeFiles/CMakeTmp'
/usr/bin/cmake -E cmake_progress_report /home/baxterdev/scazLab2_ws/build/CMakeFiles/CMakeTmp/CMakeFiles 1
Building CXX object CMakeFiles/cmTryCompileExec538094555.dir/CheckSymbolExists.cxx.o
/usr/bin/c++    -I/usr/include/qt4    -o CMakeFiles/cmTryCompileExec538094555.dir/CheckSymbolExists.cxx.o -c /home/baxterdev/scazLab2_ws/build/CMakeFiles/CMakeTmp/CheckSymbolExists.cxx
/home/baxterdev/scazLab2_ws/build/CMakeFiles/CMakeTmp/CheckSymbolExists.cxx: In function ‘int main(int, char**)’:
/home/baxterdev/scazLab2_ws/build/CMakeFiles/CMakeTmp/CheckSymbolExists.cxx:8:19: error: ‘Q_WS_QWS’ was not declared in this scope
   return ((int*)(&Q_WS_QWS))[argc];
                   ^
make[1]: Leaving directory `/home/baxterdev/scazLab2_ws/build/CMakeFiles/CMakeTmp'
make[1]: *** [CMakeFiles/cmTryCompileExec538094555.dir/CheckSymbolExists.cxx.o] Error 1
make: *** [cmTryCompileExec538094555/fast] Error 2

File /home/baxterdev/scazLab2_ws/build/CMakeFiles/CMakeTmp/CheckSymbolExists.cxx:
/* */
#include <QtCore/qglobal.h>

int main(int argc, char** argv)
{
  (void)argv;
#ifndef Q_WS_QWS
  return ((int*)(&Q_WS_QWS))[argc];
#else
  (void)argc;
  return 0;
#endif
}

Determining if the Q_WS_MAC exist failed with the following output:
Change Dir: /home/baxterdev/scazLab2_ws/build/CMakeFiles/CMakeTmp

Run Build Command:/usr/bin/make "cmTryCompileExec1890659937/fast"
/usr/bin/make -f CMakeFiles/cmTryCompileExec1890659937.dir/build.make CMakeFiles/cmTryCompileExec1890659937.dir/build
make[1]: Entering directory `/home/baxterdev/scazLab2_ws/build/CMakeFiles/CMakeTmp'
/usr/bin/cmake -E cmake_progress_report /home/baxterdev/scazLab2_ws/build/CMakeFiles/CMakeTmp/CMakeFiles 1
Building CXX object CMakeFiles/cmTryCompileExec1890659937.dir/CheckSymbolExists.cxx.o
/usr/bin/c++    -I/usr/include/qt4    -o CMakeFiles/cmTryCompileExec1890659937.dir/CheckSymbolExists.cxx.o -c /home/baxterdev/scazLab2_ws/build/CMakeFiles/CMakeTmp/CheckSymbolExists.cxx
/home/baxterdev/scazLab2_ws/build/CMakeFiles/CMakeTmp/CheckSymbolExists.cxx: In function ‘int main(int, char**)’:
/home/baxterdev/scazLab2_ws/build/CMakeFiles/CMakeTmp/CheckSymbolExists.cxx:8:19: error: ‘Q_WS_MAC’ was not declared in this scope
   return ((int*)(&Q_WS_MAC))[argc];
                   ^
make[1]: *** [CMakeFiles/cmTryCompileExec1890659937.dir/CheckSymbolExists.cxx.o] Error 1
make[1]: Leaving directory `/home/baxterdev/scazLab2_ws/build/CMakeFiles/CMakeTmp'
make: *** [cmTryCompileExec1890659937/fast] Error 2

File /home/baxterdev/scazLab2_ws/build/CMakeFiles/CMakeTmp/CheckSymbolExists.cxx:
/* */
#include <QtCore/qglobal.h>

int main(int argc, char** argv)
{
  (void)argv;
#ifndef Q_WS_MAC
  return ((int*)(&Q_WS_MAC))[argc];
#else
  (void)argc;
  return 0;
#endif
}

